    Checking glyim-core v0.1.0 (/Users/adm/Documents/Repos/glyim-v2/crates/glyim-core)
    Checking glyim-mir-interp v0.1.0 (/Users/adm/Documents/Repos/glyim-v2/crates/glyim-mir-interp)
    Checking glyim-span v0.1.0 (/Users/adm/Documents/Repos/glyim-v2/crates/glyim-span)
    Checking glyim-syntax v0.1.0 (/Users/adm/Documents/Repos/glyim-v2/crates/glyim-syntax)
    Checking glyim-runtime v0.1.0 (/Users/adm/Documents/Repos/glyim-v2/crates/glyim-runtime)
    Checking glyim-type v0.1.0 (/Users/adm/Documents/Repos/glyim-v2/crates/glyim-type)
    Checking glyim-diag v0.1.0 (/Users/adm/Documents/Repos/glyim-v2/crates/glyim-diag)
    Checking glyim-hir v0.1.0 (/Users/adm/Documents/Repos/glyim-v2/crates/glyim-hir)
    Checking glyim-vfs v0.1.0 (/Users/adm/Documents/Repos/glyim-v2/crates/glyim-vfs)
    Checking glyim-mir v0.1.0 (/Users/adm/Documents/Repos/glyim-v2/crates/glyim-mir)
    Checking glyim-layout v0.1.0 (/Users/adm/Documents/Repos/glyim-v2/crates/glyim-layout)
    Checking glyim-solve v0.1.0 (/Users/adm/Documents/Repos/glyim-v2/crates/glyim-solve)
    Checking glyim-def-map v0.1.0 (/Users/adm/Documents/Repos/glyim-v2/crates/glyim-def-map)
    Checking glyim-frontend v0.1.0 (/Users/adm/Documents/Repos/glyim-v2/crates/glyim-frontend)
    Checking glyim-meta v0.1.0 (/Users/adm/Documents/Repos/glyim-v2/crates/glyim-meta)
    Checking glyim-codegen v0.1.0 (/Users/adm/Documents/Repos/glyim-v2/crates/glyim-codegen)
    Checking glyim-borrowck v0.1.0 (/Users/adm/Documents/Repos/glyim-v2/crates/glyim-borrowck)
    Checking glyim-opt v0.1.0 (/Users/adm/Documents/Repos/glyim-v2/crates/glyim-opt)
    Checking glyim-db v0.1.0 (/Users/adm/Documents/Repos/glyim-v2/crates/glyim-db)
    Checking glyim-typeck v0.1.0 (/Users/adm/Documents/Repos/glyim-v2/crates/glyim-typeck)
    Checking glyim-codegen-llvm v0.1.0 (/Users/adm/Documents/Repos/glyim-v2/crates/glyim-codegen-llvm)
    Checking glyim-lsp v0.1.0 (/Users/adm/Documents/Repos/glyim-v2/crates/glyim-lsp)
    Checking glyim-lower v0.1.0 (/Users/adm/Documents/Repos/glyim-v2/crates/glyim-lower)
    Checking glyim-pipeline v0.1.0 (/Users/adm/Documents/Repos/glyim-v2/crates/glyim-pipeline)
    Checking glyim-test v0.1.0 (/Users/adm/Documents/Repos/glyim-v2/crates/glyim-test)
    Checking glyim-cli v0.1.0 (/Users/adm/Documents/Repos/glyim-v2/crates/glyim-cli)
    Finished `dev` profile [unoptimized + debuginfo] target(s) in 2.51s
